# JRE version: OpenJDK Runtime Environment (8.0_91-b14) (build 1.8.0_91-8u91-b14-0ubuntu4~16.04.1-b14)
# Java VM: OpenJDK 64-Bit Server VM (25.91-b14 mixed mode linux-amd64 compressed oops)
Heap:
 PSYoungGen      total 17408K, used 5227K [0x00000000ed180000, 0x00000000ee480000, 0x0000000100000000)
  eden space 15360K, 20% used [0x00000000ed180000,0x00000000ed49e5e0,0x00000000ee080000)
  from space 2048K, 99% used [0x00000000ee280000,0x00000000ee47c840,0x00000000ee480000)
  to   space 2048K, 0% used [0x00000000ee080000,0x00000000ee080000,0x00000000ee280000)
 ParOldGen       total 39936K, used 2141K [0x00000000c7400000, 0x00000000c9b00000, 0x00000000ed180000)
  object space 39936K, 5% used [0x00000000c7400000,0x00000000c7617590,0x00000000c9b00000)
 Metaspace       used 14652K, capacity 14994K, committed 15232K, reserved 1062912K
  class space    used 1706K, capacity 1801K, committed 1920K, reserved 1048576K
GC Heap History (8 events):
Event: 2,968 GC heap before
{Heap before GC invocations=1 (full 0):
 PSYoungGen      total 17408K, used 15360K [0x00000000ed180000, 0x00000000ee480000, 0x0000000100000000)
  eden space 15360K, 100% used [0x00000000ed180000,0x00000000ee080000,0x00000000ee080000)
  from space 2048K, 0% used [0x00000000ee280000,0x00000000ee280000,0x00000000ee480000)
  to   space 2048K, 0% used [0x00000000ee080000,0x00000000ee080000,0x00000000ee280000)
 ParOldGen       total 39936K, used 0K [0x00000000c7400000, 0x00000000c9b00000, 0x00000000ed180000)
  object space 39936K, 0% used [0x00000000c7400000,0x00000000c7400000,0x00000000c9b00000)
 Metaspace       used 13768K, capacity 14098K, committed 14336K, reserved 1062912K
  class space    used 1639K, capacity 1737K, committed 1792K, reserved 1048576K
Event: 2,984 GC heap after
Heap after GC invocations=1 (full 0):
 PSYoungGen      total 17408K, used 2034K [0x00000000ed180000, 0x00000000ee480000, 0x0000000100000000)
  eden space 15360K, 0% used [0x00000000ed180000,0x00000000ed180000,0x00000000ee080000)
  from space 2048K, 99% used [0x00000000ee080000,0x00000000ee27c840,0x00000000ee280000)
  to   space 2048K, 0% used [0x00000000ee280000,0x00000000ee280000,0x00000000ee480000)
 ParOldGen       total 39936K, used 1769K [0x00000000c7400000, 0x00000000c9b00000, 0x00000000ed180000)
  object space 39936K, 4% used [0x00000000c7400000,0x00000000c75ba570,0x00000000c9b00000)
 Metaspace       used 13768K, capacity 14098K, committed 14336K, reserved 1062912K
  class space    used 1639K, capacity 1737K, committed 1792K, reserved 1048576K
}
Event: 53,140 GC heap before
{Heap before GC invocations=2 (full 0):
 PSYoungGen      total 17408K, used 17394K [0x00000000ed180000, 0x00000000ee480000, 0x0000000100000000)
  eden space 15360K, 100% used [0x00000000ed180000,0x00000000ee080000,0x00000000ee080000)
  from space 2048K, 99% used [0x00000000ee080000,0x00000000ee27c840,0x00000000ee280000)
  to   space 2048K, 0% used [0x00000000ee280000,0x00000000ee280000,0x00000000ee480000)
 ParOldGen       total 39936K, used 1769K [0x00000000c7400000, 0x00000000c9b00000, 0x00000000ed180000)
  object space 39936K, 4% used [0x00000000c7400000,0x00000000c75ba570,0x00000000c9b00000)
 Metaspace       used 14253K, capacity 14546K, committed 14848K, reserved 1062912K
  class space    used 1641K, capacity 1737K, committed 1792K, reserved 1048576K
Event: 53,150 GC heap after
Heap after GC invocations=2 (full 0):
 PSYoungGen      total 17408K, used 2034K [0x00000000ed180000, 0x00000000ee480000, 0x0000000100000000)
  eden space 15360K, 0% used [0x00000000ed180000,0x00000000ed180000,0x00000000ee080000)
  from space 2048K, 99% used [0x00000000ee280000,0x00000000ee47c840,0x00000000ee480000)
  to   space 2048K, 0% used [0x00000000ee080000,0x00000000ee080000,0x00000000ee280000)
 ParOldGen       total 39936K, used 2029K [0x00000000c7400000, 0x00000000c9b00000, 0x00000000ed180000)
  object space 39936K, 5% used [0x00000000c7400000,0x00000000c75fb590,0x00000000c9b00000)
 Metaspace       used 14253K, capacity 14546K, committed 14848K, reserved 1062912K
  class space    used 1641K, capacity 1737K, committed 1792K, reserved 1048576K
}
Event: 59,512 GC heap before
{Heap before GC invocations=3 (full 0):
 PSYoungGen      total 17408K, used 17394K [0x00000000ed180000, 0x00000000ee480000, 0x0000000100000000)
  eden space 15360K, 100% used [0x00000000ed180000,0x00000000ee080000,0x00000000ee080000)
  from space 2048K, 99% used [0x00000000ee280000,0x00000000ee47c840,0x00000000ee480000)
  to   space 2048K, 0% used [0x00000000ee080000,0x00000000ee080000,0x00000000ee280000)
 ParOldGen       total 39936K, used 2029K [0x00000000c7400000, 0x00000000c9b00000, 0x00000000ed180000)
  object space 39936K, 5% used [0x00000000c7400000,0x00000000c75fb590,0x00000000c9b00000)
 Metaspace       used 14276K, capacity 14610K, committed 14848K, reserved 1062912K
  class space    used 1641K, capacity 1737K, committed 1792K, reserved 1048576K
Event: 59,525 GC heap after
Heap after GC invocations=3 (full 0):
 PSYoungGen      total 17408K, used 2034K [0x00000000ed180000, 0x00000000ee480000, 0x0000000100000000)
  eden space 15360K, 0% used [0x00000000ed180000,0x00000000ed180000,0x00000000ee080000)
  from space 2048K, 99% used [0x00000000ee080000,0x00000000ee27c840,0x00000000ee280000)
  to   space 2048K, 0% used [0x00000000ee280000,0x00000000ee280000,0x00000000ee480000)
 ParOldGen       total 39936K, used 2133K [0x00000000c7400000, 0x00000000c9b00000, 0x00000000ed180000)
  object space 39936K, 5% used [0x00000000c7400000,0x00000000c7615590,0x00000000c9b00000)
 Metaspace       used 14276K, capacity 14610K, committed 14848K, reserved 1062912K
  class space    used 1641K, capacity 1737K, committed 1792K, reserved 1048576K
}
Event: 109,821 GC heap before
{Heap before GC invocations=4 (full 0):
 PSYoungGen      total 17408K, used 17394K [0x00000000ed180000, 0x00000000ee480000, 0x0000000100000000)
  eden space 15360K, 100% used [0x00000000ed180000,0x00000000ee080000,0x00000000ee080000)
  from space 2048K, 99% used [0x00000000ee080000,0x00000000ee27c840,0x00000000ee280000)
  to   space 2048K, 0% used [0x00000000ee280000,0x00000000ee280000,0x00000000ee480000)
 ParOldGen       total 39936K, used 2133K [0x00000000c7400000, 0x00000000c9b00000, 0x00000000ed180000)
  object space 39936K, 5% used [0x00000000c7400000,0x00000000c7615590,0x00000000c9b00000)
 Metaspace       used 14354K, capacity 14674K, committed 14848K, reserved 1062912K
  class space    used 1646K, capacity 1737K, committed 1792K, reserved 1048576K
Event: 109,832 GC heap after
Heap after GC invocations=4 (full 0):
 PSYoungGen      total 17408K, used 2034K [0x00000000ed180000, 0x00000000ee480000, 0x0000000100000000)
  eden space 15360K, 0% used [0x00000000ed180000,0x00000000ed180000,0x00000000ee080000)
  from space 2048K, 99% used [0x00000000ee280000,0x00000000ee47c840,0x00000000ee480000)
  to   space 2048K, 0% used [0x00000000ee080000,0x00000000ee080000,0x00000000ee280000)
 ParOldGen       total 39936K, used 2141K [0x00000000c7400000, 0x00000000c9b00000, 0x00000000ed180000)
  object space 39936K, 5% used [0x00000000c7400000,0x00000000c7617590,0x00000000c9b00000)
 Metaspace       used 14354K, capacity 14674K, committed 14848K, reserved 1062912K
  class space    used 1646K, capacity 1737K, committed 1792K, reserved 1048576K
}

