# JRE version: OpenJDK Runtime Environment (8.0_91-b14) (build 1.8.0_91-8u91-b14-0ubuntu4~16.04.1-b14)
# Java VM: OpenJDK 64-Bit Server VM (25.91-b14 mixed mode linux-amd64 compressed oops)
Heap:
 PSYoungGen      total 18432K, used 3676K [0x00000000ed180000, 0x00000000ee800000, 0x0000000100000000)
  eden space 13824K, 18% used [0x00000000ed180000,0x00000000ed4073d8,0x00000000edf00000)
  from space 4608K, 23% used [0x00000000ee380000,0x00000000ee490000,0x00000000ee800000)
  to   space 4608K, 0% used [0x00000000edf00000,0x00000000edf00000,0x00000000ee380000)
 ParOldGen       total 39936K, used 7542K [0x00000000c7400000, 0x00000000c9b00000, 0x00000000ed180000)
  object space 39936K, 18% used [0x00000000c7400000,0x00000000c7b5dae8,0x00000000c9b00000)
 Metaspace       used 15583K, capacity 15884K, committed 16256K, reserved 1062912K
  class space    used 1761K, capacity 1840K, committed 1920K, reserved 1048576K
GC Heap History (10 events):
Event: 77,010 GC heap before
{Heap before GC invocations=14 (full 0):
 PSYoungGen      total 18944K, used 13920K [0x00000000ed180000, 0x00000000ee900000, 0x0000000100000000)
  eden space 13824K, 100% used [0x00000000ed180000,0x00000000edf00000,0x00000000edf00000)
  from space 5120K, 1% used [0x00000000edf00000,0x00000000edf18000,0x00000000ee400000)
  to   space 5120K, 0% used [0x00000000ee400000,0x00000000ee400000,0x00000000ee900000)
 ParOldGen       total 39936K, used 6622K [0x00000000c7400000, 0x00000000c9b00000, 0x00000000ed180000)
  object space 39936K, 16% used [0x00000000c7400000,0x00000000c7a77ae8,0x00000000c9b00000)
 Metaspace       used 15330K, capacity 15594K, committed 16000K, reserved 1062912K
  class space    used 1754K, capacity 1833K, committed 1920K, reserved 1048576K
Event: 77,012 GC heap after
Heap after GC invocations=14 (full 0):
 PSYoungGen      total 18944K, used 64K [0x00000000ed180000, 0x00000000ee900000, 0x0000000100000000)
  eden space 13824K, 0% used [0x00000000ed180000,0x00000000ed180000,0x00000000edf00000)
  from space 5120K, 1% used [0x00000000ee400000,0x00000000ee410000,0x00000000ee900000)
  to   space 5120K, 0% used [0x00000000edf00000,0x00000000edf00000,0x00000000ee400000)
 ParOldGen       total 39936K, used 6638K [0x00000000c7400000, 0x00000000c9b00000, 0x00000000ed180000)
  object space 39936K, 16% used [0x00000000c7400000,0x00000000c7a7bae8,0x00000000c9b00000)
 Metaspace       used 15330K, capacity 15594K, committed 16000K, reserved 1062912K
  class space    used 1754K, capacity 1833K, committed 1920K, reserved 1048576K
}
Event: 179,599 GC heap before
{Heap before GC invocations=15 (full 0):
 PSYoungGen      total 18944K, used 13888K [0x00000000ed180000, 0x00000000ee900000, 0x0000000100000000)
  eden space 13824K, 100% used [0x00000000ed180000,0x00000000edf00000,0x00000000edf00000)
  from space 5120K, 1% used [0x00000000ee400000,0x00000000ee410000,0x00000000ee900000)
  to   space 5120K, 0% used [0x00000000edf00000,0x00000000edf00000,0x00000000ee400000)
 ParOldGen       total 39936K, used 6638K [0x00000000c7400000, 0x00000000c9b00000, 0x00000000ed180000)
  object space 39936K, 16% used [0x00000000c7400000,0x00000000c7a7bae8,0x00000000c9b00000)
 Metaspace       used 15451K, capacity 15728K, committed 16000K, reserved 1062912K
  class space    used 1754K, capacity 1834K, committed 1920K, reserved 1048576K
Event: 179,622 GC heap after
Heap after GC invocations=15 (full 0):
 PSYoungGen      total 18944K, used 2272K [0x00000000ed180000, 0x00000000ee900000, 0x0000000100000000)
  eden space 13824K, 0% used [0x00000000ed180000,0x00000000ed180000,0x00000000edf00000)
  from space 5120K, 44% used [0x00000000edf00000,0x00000000ee138000,0x00000000ee400000)
  to   space 5120K, 0% used [0x00000000ee400000,0x00000000ee400000,0x00000000ee900000)
 ParOldGen       total 39936K, used 6662K [0x00000000c7400000, 0x00000000c9b00000, 0x00000000ed180000)
  object space 39936K, 16% used [0x00000000c7400000,0x00000000c7a81ae8,0x00000000c9b00000)
 Metaspace       used 15451K, capacity 15728K, committed 16000K, reserved 1062912K
  class space    used 1754K, capacity 1834K, committed 1920K, reserved 1048576K
}
Event: 181,780 GC heap before
{Heap before GC invocations=16 (full 0):
 PSYoungGen      total 18944K, used 16096K [0x00000000ed180000, 0x00000000ee900000, 0x0000000100000000)
  eden space 13824K, 100% used [0x00000000ed180000,0x00000000edf00000,0x00000000edf00000)
  from space 5120K, 44% used [0x00000000edf00000,0x00000000ee138000,0x00000000ee400000)
  to   space 5120K, 0% used [0x00000000ee400000,0x00000000ee400000,0x00000000ee900000)
 ParOldGen       total 39936K, used 6662K [0x00000000c7400000, 0x00000000c9b00000, 0x00000000ed180000)
  object space 39936K, 16% used [0x00000000c7400000,0x00000000c7a81ae8,0x00000000c9b00000)
 Metaspace       used 15457K, capacity 15728K, committed 16000K, reserved 1062912K
  class space    used 1755K, capacity 1834K, committed 1920K, reserved 1048576K
Event: 181,785 GC heap after
Heap after GC invocations=16 (full 0):
 PSYoungGen      total 18944K, used 320K [0x00000000ed180000, 0x00000000ee900000, 0x0000000100000000)
  eden space 13824K, 0% used [0x00000000ed180000,0x00000000ed180000,0x00000000edf00000)
  from space 5120K, 6% used [0x00000000ee400000,0x00000000ee450000,0x00000000ee900000)
  to   space 5120K, 0% used [0x00000000edf00000,0x00000000edf00000,0x00000000ee400000)
 ParOldGen       total 39936K, used 7318K [0x00000000c7400000, 0x00000000c9b00000, 0x00000000ed180000)
  object space 39936K, 18% used [0x00000000c7400000,0x00000000c7b25ae8,0x00000000c9b00000)
 Metaspace       used 15457K, capacity 15728K, committed 16000K, reserved 1062912K
  class space    used 1755K, capacity 1834K, committed 1920K, reserved 1048576K
}
Event: 182,059 GC heap before
{Heap before GC invocations=17 (full 0):
 PSYoungGen      total 18944K, used 14144K [0x00000000ed180000, 0x00000000ee900000, 0x0000000100000000)
  eden space 13824K, 100% used [0x00000000ed180000,0x00000000edf00000,0x00000000edf00000)
  from space 5120K, 6% used [0x00000000ee400000,0x00000000ee450000,0x00000000ee900000)
  to   space 5120K, 0% used [0x00000000edf00000,0x00000000edf00000,0x00000000ee400000)
 ParOldGen       total 39936K, used 7318K [0x00000000c7400000, 0x00000000c9b00000, 0x00000000ed180000)
  object space 39936K, 18% used [0x00000000c7400000,0x00000000c7b25ae8,0x00000000c9b00000)
 Metaspace       used 15457K, capacity 15728K, committed 16000K, reserved 1062912K
  class space    used 1755K, capacity 1834K, committed 1920K, reserved 1048576K
Event: 182,063 GC heap after
Heap after GC invocations=17 (full 0):
 PSYoungGen      total 14336K, used 32K [0x00000000ed180000, 0x00000000ee800000, 0x0000000100000000)
  eden space 13824K, 0% used [0x00000000ed180000,0x00000000ed180000,0x00000000edf00000)
  from space 512K, 6% used [0x00000000edf00000,0x00000000edf08000,0x00000000edf80000)
  to   space 4608K, 0% used [0x00000000ee380000,0x00000000ee380000,0x00000000ee800000)
 ParOldGen       total 39936K, used 7526K [0x00000000c7400000, 0x00000000c9b00000, 0x00000000ed180000)
  object space 39936K, 18% used [0x00000000c7400000,0x00000000c7b59ae8,0x00000000c9b00000)
 Metaspace       used 15457K, capacity 15728K, committed 16000K, reserved 1062912K
  class space    used 1755K, capacity 1834K, committed 1920K, reserved 1048576K
}
Event: 192,669 GC heap before
{Heap before GC invocations=18 (full 0):
 PSYoungGen      total 14336K, used 13856K [0x00000000ed180000, 0x00000000ee800000, 0x0000000100000000)
  eden space 13824K, 100% used [0x00000000ed180000,0x00000000edf00000,0x00000000edf00000)
  from space 512K, 6% used [0x00000000edf00000,0x00000000edf08000,0x00000000edf80000)
  to   space 4608K, 0% used [0x00000000ee380000,0x00000000ee380000,0x00000000ee800000)
 ParOldGen       total 39936K, used 7526K [0x00000000c7400000, 0x00000000c9b00000, 0x00000000ed180000)
  object space 39936K, 18% used [0x00000000c7400000,0x00000000c7b59ae8,0x00000000c9b00000)
 Metaspace       used 15512K, capacity 15810K, committed 16256K, reserved 1062912K
  class space    used 1757K, capacity 1837K, committed 1920K, reserved 1048576K
Event: 192,674 GC heap after
Heap after GC invocations=18 (full 0):
 PSYoungGen      total 18432K, used 1088K [0x00000000ed180000, 0x00000000ee800000, 0x0000000100000000)
  eden space 13824K, 0% used [0x00000000ed180000,0x00000000ed180000,0x00000000edf00000)
  from space 4608K, 23% used [0x00000000ee380000,0x00000000ee490000,0x00000000ee800000)
  to   space 4608K, 0% used [0x00000000edf00000,0x00000000edf00000,0x00000000ee380000)
 ParOldGen       total 39936K, used 7542K [0x00000000c7400000, 0x00000000c9b00000, 0x00000000ed180000)
  object space 39936K, 18% used [0x00000000c7400000,0x00000000c7b5dae8,0x00000000c9b00000)
 Metaspace       used 15512K, capacity 15810K, committed 16256K, reserved 1062912K
  class space    used 1757K, capacity 1837K, committed 1920K, reserved 1048576K
}

