# JRE version: OpenJDK Runtime Environment (8.0_91-b14) (build 1.8.0_91-8u91-b14-0ubuntu4~16.04.1-b14)
# Java VM: OpenJDK 64-Bit Server VM (25.91-b14 mixed mode linux-amd64 compressed oops)
Heap:
 PSYoungGen      total 18944K, used 9491K [0x00000000ed180000, 0x00000000ee880000, 0x0000000100000000)
  eden space 15360K, 55% used [0x00000000ed180000,0x00000000ed9dcdd0,0x00000000ee080000)
  from space 3584K, 25% used [0x00000000ee500000,0x00000000ee5e8000,0x00000000ee880000)
  to   space 4096K, 0% used [0x00000000ee080000,0x00000000ee080000,0x00000000ee480000)
 ParOldGen       total 39936K, used 5398K [0x00000000c7400000, 0x00000000c9b00000, 0x00000000ed180000)
  object space 39936K, 13% used [0x00000000c7400000,0x00000000c79459f0,0x00000000c9b00000)
 Metaspace       used 15716K, capacity 16024K, committed 16256K, reserved 1062912K
  class space    used 1778K, capacity 1870K, committed 1920K, reserved 1048576K
GC Heap History (10 events):
Event: 353,335 GC heap before
{Heap before GC invocations=10 (full 0):
 PSYoungGen      total 19456K, used 16352K [0x00000000ed180000, 0x00000000ee880000, 0x0000000100000000)
  eden space 15360K, 100% used [0x00000000ed180000,0x00000000ee080000,0x00000000ee080000)
  from space 4096K, 24% used [0x00000000ee080000,0x00000000ee178000,0x00000000ee480000)
  to   space 4096K, 0% used [0x00000000ee480000,0x00000000ee480000,0x00000000ee880000)
 ParOldGen       total 39936K, used 4382K [0x00000000c7400000, 0x00000000c9b00000, 0x00000000ed180000)
  object space 39936K, 10% used [0x00000000c7400000,0x00000000c78479f0,0x00000000c9b00000)
 Metaspace       used 15365K, capacity 15656K, committed 16000K, reserved 1062912K
  class space    used 1761K, capacity 1834K, committed 1920K, reserved 1048576K
Event: 353,339 GC heap after
Heap after GC invocations=10 (full 0):
 PSYoungGen      total 19456K, used 320K [0x00000000ed180000, 0x00000000ee880000, 0x0000000100000000)
  eden space 15360K, 0% used [0x00000000ed180000,0x00000000ed180000,0x00000000ee080000)
  from space 4096K, 7% used [0x00000000ee480000,0x00000000ee4d0000,0x00000000ee880000)
  to   space 4096K, 0% used [0x00000000ee080000,0x00000000ee080000,0x00000000ee480000)
 ParOldGen       total 39936K, used 5078K [0x00000000c7400000, 0x00000000c9b00000, 0x00000000ed180000)
  object space 39936K, 12% used [0x00000000c7400000,0x00000000c78f59f0,0x00000000c9b00000)
 Metaspace       used 15365K, capacity 15656K, committed 16000K, reserved 1062912K
  class space    used 1761K, capacity 1834K, committed 1920K, reserved 1048576K
}
Event: 462,767 GC heap before
{Heap before GC invocations=11 (full 0):
 PSYoungGen      total 19456K, used 15680K [0x00000000ed180000, 0x00000000ee880000, 0x0000000100000000)
  eden space 15360K, 100% used [0x00000000ed180000,0x00000000ee080000,0x00000000ee080000)
  from space 4096K, 7% used [0x00000000ee480000,0x00000000ee4d0000,0x00000000ee880000)
  to   space 4096K, 0% used [0x00000000ee080000,0x00000000ee080000,0x00000000ee480000)
 ParOldGen       total 39936K, used 5078K [0x00000000c7400000, 0x00000000c9b00000, 0x00000000ed180000)
  object space 39936K, 12% used [0x00000000c7400000,0x00000000c78f59f0,0x00000000c9b00000)
 Metaspace       used 15393K, capacity 15656K, committed 16000K, reserved 1062912K
  class space    used 1761K, capacity 1834K, committed 1920K, reserved 1048576K
Event: 462,769 GC heap after
Heap after GC invocations=11 (full 0):
 PSYoungGen      total 19456K, used 96K [0x00000000ed180000, 0x00000000ee980000, 0x0000000100000000)
  eden space 15360K, 0% used [0x00000000ed180000,0x00000000ed180000,0x00000000ee080000)
  from space 4096K, 2% used [0x00000000ee080000,0x00000000ee098000,0x00000000ee480000)
  to   space 4608K, 0% used [0x00000000ee500000,0x00000000ee500000,0x00000000ee980000)
 ParOldGen       total 39936K, used 5302K [0x00000000c7400000, 0x00000000c9b00000, 0x00000000ed180000)
  object space 39936K, 13% used [0x00000000c7400000,0x00000000c792d9f0,0x00000000c9b00000)
 Metaspace       used 15393K, capacity 15656K, committed 16000K, reserved 1062912K
  class space    used 1761K, capacity 1834K, committed 1920K, reserved 1048576K
}
Event: 544,491 GC heap before
{Heap before GC invocations=12 (full 0):
 PSYoungGen      total 19456K, used 15456K [0x00000000ed180000, 0x00000000ee980000, 0x0000000100000000)
  eden space 15360K, 100% used [0x00000000ed180000,0x00000000ee080000,0x00000000ee080000)
  from space 4096K, 2% used [0x00000000ee080000,0x00000000ee098000,0x00000000ee480000)
  to   space 4608K, 0% used [0x00000000ee500000,0x00000000ee500000,0x00000000ee980000)
 ParOldGen       total 39936K, used 5302K [0x00000000c7400000, 0x00000000c9b00000, 0x00000000ed180000)
  object space 39936K, 13% used [0x00000000c7400000,0x00000000c792d9f0,0x00000000c9b00000)
 Metaspace       used 15403K, capacity 15656K, committed 16000K, reserved 1062912K
  class space    used 1761K, capacity 1834K, committed 1920K, reserved 1048576K
Event: 544,493 GC heap after
Heap after GC invocations=12 (full 0):
 PSYoungGen      total 19968K, used 160K [0x00000000ed180000, 0x00000000ee980000, 0x0000000100000000)
  eden space 15360K, 0% used [0x00000000ed180000,0x00000000ed180000,0x00000000ee080000)
  from space 4608K, 3% used [0x00000000ee500000,0x00000000ee528000,0x00000000ee980000)
  to   space 4608K, 0% used [0x00000000ee080000,0x00000000ee080000,0x00000000ee500000)
 ParOldGen       total 39936K, used 5326K [0x00000000c7400000, 0x00000000c9b00000, 0x00000000ed180000)
  object space 39936K, 13% used [0x00000000c7400000,0x00000000c79339f0,0x00000000c9b00000)
 Metaspace       used 15403K, capacity 15656K, committed 16000K, reserved 1062912K
  class space    used 1761K, capacity 1834K, committed 1920K, reserved 1048576K
}
Event: 652,844 GC heap before
{Heap before GC invocations=13 (full 0):
 PSYoungGen      total 19968K, used 15520K [0x00000000ed180000, 0x00000000ee980000, 0x0000000100000000)
  eden space 15360K, 100% used [0x00000000ed180000,0x00000000ee080000,0x00000000ee080000)
  from space 4608K, 3% used [0x00000000ee500000,0x00000000ee528000,0x00000000ee980000)
  to   space 4608K, 0% used [0x00000000ee080000,0x00000000ee080000,0x00000000ee500000)
 ParOldGen       total 39936K, used 5326K [0x00000000c7400000, 0x00000000c9b00000, 0x00000000ed180000)
  object space 39936K, 13% used [0x00000000c7400000,0x00000000c79339f0,0x00000000c9b00000)
 Metaspace       used 15491K, capacity 15726K, committed 16000K, reserved 1062912K
  class space    used 1768K, capacity 1835K, committed 1920K, reserved 1048576K
Event: 652,847 GC heap after
Heap after GC invocations=13 (full 0):
 PSYoungGen      total 19968K, used 160K [0x00000000ed180000, 0x00000000ee980000, 0x0000000100000000)
  eden space 15360K, 0% used [0x00000000ed180000,0x00000000ed180000,0x00000000ee080000)
  from space 4608K, 3% used [0x00000000ee080000,0x00000000ee0a8000,0x00000000ee500000)
  to   space 4608K, 0% used [0x00000000ee500000,0x00000000ee500000,0x00000000ee980000)
 ParOldGen       total 39936K, used 5342K [0x00000000c7400000, 0x00000000c9b00000, 0x00000000ed180000)
  object space 39936K, 13% used [0x00000000c7400000,0x00000000c79379f0,0x00000000c9b00000)
 Metaspace       used 15491K, capacity 15726K, committed 16000K, reserved 1062912K
  class space    used 1768K, capacity 1835K, committed 1920K, reserved 1048576K
}
Event: 677,411 GC heap before
{Heap before GC invocations=14 (full 0):
 PSYoungGen      total 19968K, used 15520K [0x00000000ed180000, 0x00000000ee980000, 0x0000000100000000)
  eden space 15360K, 100% used [0x00000000ed180000,0x00000000ee080000,0x00000000ee080000)
  from space 4608K, 3% used [0x00000000ee080000,0x00000000ee0a8000,0x00000000ee500000)
  to   space 4608K, 0% used [0x00000000ee500000,0x00000000ee500000,0x00000000ee980000)
 ParOldGen       total 39936K, used 5342K [0x00000000c7400000, 0x00000000c9b00000, 0x00000000ed180000)
  object space 39936K, 13% used [0x00000000c7400000,0x00000000c79379f0,0x00000000c9b00000)
 Metaspace       used 15655K, capacity 15918K, committed 16256K, reserved 1062912K
  class space    used 1774K, capacity 1835K, committed 1920K, reserved 1048576K
Event: 677,415 GC heap after
Heap after GC invocations=14 (full 0):
 PSYoungGen      total 18944K, used 928K [0x00000000ed180000, 0x00000000ee880000, 0x0000000100000000)
  eden space 15360K, 0% used [0x00000000ed180000,0x00000000ed180000,0x00000000ee080000)
  from space 3584K, 25% used [0x00000000ee500000,0x00000000ee5e8000,0x00000000ee880000)
  to   space 4096K, 0% used [0x00000000ee080000,0x00000000ee080000,0x00000000ee480000)
 ParOldGen       total 39936K, used 5398K [0x00000000c7400000, 0x00000000c9b00000, 0x00000000ed180000)
  object space 39936K, 13% used [0x00000000c7400000,0x00000000c79459f0,0x00000000c9b00000)
 Metaspace       used 15655K, capacity 15918K, committed 16256K, reserved 1062912K
  class space    used 1774K, capacity 1835K, committed 1920K, reserved 1048576K
}

