# JRE version: OpenJDK Runtime Environment (8.0_91-b14) (build 1.8.0_91-8u91-b14-0ubuntu4~16.04.1-b14)
# Java VM: OpenJDK 64-Bit Server VM (25.91-b14 mixed mode linux-amd64 compressed oops)
Heap:
 PSYoungGen      total 16896K, used 11134K [0x00000000ed180000, 0x00000000ee880000, 0x0000000100000000)
  eden space 14336K, 63% used [0x00000000ed180000,0x00000000eda578c0,0x00000000edf80000)
  from space 2560K, 81% used [0x00000000edf80000,0x00000000ee188000,0x00000000ee200000)
  to   space 4608K, 0% used [0x00000000ee400000,0x00000000ee400000,0x00000000ee880000)
 ParOldGen       total 39936K, used 4247K [0x00000000c7400000, 0x00000000c9b00000, 0x00000000ed180000)
  object space 39936K, 10% used [0x00000000c7400000,0x00000000c7825fe0,0x00000000c9b00000)
 Metaspace       used 14957K, capacity 15240K, committed 15488K, reserved 1062912K
  class space    used 1711K, capacity 1802K, committed 1920K, reserved 1048576K
GC Heap History (10 events):
Event: 10,398 GC heap before
{Heap before GC invocations=3 (full 0):
 PSYoungGen      total 17408K, used 17394K [0x00000000ed180000, 0x00000000ee480000, 0x0000000100000000)
  eden space 15360K, 100% used [0x00000000ed180000,0x00000000ee080000,0x00000000ee080000)
  from space 2048K, 99% used [0x00000000ee280000,0x00000000ee47c820,0x00000000ee480000)
  to   space 2048K, 0% used [0x00000000ee080000,0x00000000ee080000,0x00000000ee280000)
 ParOldGen       total 39936K, used 2025K [0x00000000c7400000, 0x00000000c9b00000, 0x00000000ed180000)
  object space 39936K, 5% used [0x00000000c7400000,0x00000000c75fa570,0x00000000c9b00000)
 Metaspace       used 14281K, capacity 14594K, committed 14848K, reserved 1062912K
  class space    used 1652K, capacity 1737K, committed 1792K, reserved 1048576K
Event: 10,406 GC heap after
Heap after GC invocations=3 (full 0):
 PSYoungGen      total 17408K, used 2032K [0x00000000ed180000, 0x00000000ee480000, 0x0000000100000000)
  eden space 15360K, 0% used [0x00000000ed180000,0x00000000ed180000,0x00000000ee080000)
  from space 2048K, 99% used [0x00000000ee080000,0x00000000ee27c010,0x00000000ee280000)
  to   space 2048K, 0% used [0x00000000ee280000,0x00000000ee280000,0x00000000ee480000)
 ParOldGen       total 39936K, used 2073K [0x00000000c7400000, 0x00000000c9b00000, 0x00000000ed180000)
  object space 39936K, 5% used [0x00000000c7400000,0x00000000c7606570,0x00000000c9b00000)
 Metaspace       used 14281K, capacity 14594K, committed 14848K, reserved 1062912K
  class space    used 1652K, capacity 1737K, committed 1792K, reserved 1048576K
}
Event: 33,518 GC heap before
{Heap before GC invocations=4 (full 0):
 PSYoungGen      total 17408K, used 17392K [0x00000000ed180000, 0x00000000ee480000, 0x0000000100000000)
  eden space 15360K, 100% used [0x00000000ed180000,0x00000000ee080000,0x00000000ee080000)
  from space 2048K, 99% used [0x00000000ee080000,0x00000000ee27c010,0x00000000ee280000)
  to   space 2048K, 0% used [0x00000000ee280000,0x00000000ee280000,0x00000000ee480000)
 ParOldGen       total 39936K, used 2073K [0x00000000c7400000, 0x00000000c9b00000, 0x00000000ed180000)
  object space 39936K, 5% used [0x00000000c7400000,0x00000000c7606570,0x00000000c9b00000)
 Metaspace       used 14373K, capacity 14664K, committed 14848K, reserved 1062912K
  class space    used 1653K, capacity 1738K, committed 1792K, reserved 1048576K
Event: 33,526 GC heap after
Heap after GC invocations=4 (full 0):
 PSYoungGen      total 17408K, used 2032K [0x00000000ed180000, 0x00000000ee480000, 0x0000000100000000)
  eden space 15360K, 0% used [0x00000000ed180000,0x00000000ed180000,0x00000000ee080000)
  from space 2048K, 99% used [0x00000000ee280000,0x00000000ee47c010,0x00000000ee480000)
  to   space 2048K, 0% used [0x00000000ee080000,0x00000000ee080000,0x00000000ee280000)
 ParOldGen       total 39936K, used 2129K [0x00000000c7400000, 0x00000000c9b00000, 0x00000000ed180000)
  object space 39936K, 5% used [0x00000000c7400000,0x00000000c7614570,0x00000000c9b00000)
 Metaspace       used 14373K, capacity 14664K, committed 14848K, reserved 1062912K
  class space    used 1653K, capacity 1738K, committed 1792K, reserved 1048576K
}
Event: 124,545 GC heap before
{Heap before GC invocations=5 (full 0):
 PSYoungGen      total 17408K, used 17392K [0x00000000ed180000, 0x00000000ee480000, 0x0000000100000000)
  eden space 15360K, 99% used [0x00000000ed180000,0x00000000ee07fff8,0x00000000ee080000)
  from space 2048K, 99% used [0x00000000ee280000,0x00000000ee47c010,0x00000000ee480000)
  to   space 2048K, 0% used [0x00000000ee080000,0x00000000ee080000,0x00000000ee280000)
 ParOldGen       total 39936K, used 2129K [0x00000000c7400000, 0x00000000c9b00000, 0x00000000ed180000)
  object space 39936K, 5% used [0x00000000c7400000,0x00000000c7614570,0x00000000c9b00000)
 Metaspace       used 14409K, capacity 14728K, committed 14848K, reserved 1062912K
  class space    used 1653K, capacity 1738K, committed 1792K, reserved 1048576K
Event: 124,554 GC heap after
Heap after GC invocations=5 (full 0):
 PSYoungGen      total 17408K, used 2016K [0x00000000ed180000, 0x00000000ee880000, 0x0000000100000000)
  eden space 15360K, 0% used [0x00000000ed180000,0x00000000ed180000,0x00000000ee080000)
  from space 2048K, 98% used [0x00000000ee080000,0x00000000ee278020,0x00000000ee280000)
  to   space 4096K, 0% used [0x00000000ee480000,0x00000000ee480000,0x00000000ee880000)
 ParOldGen       total 39936K, used 2153K [0x00000000c7400000, 0x00000000c9b00000, 0x00000000ed180000)
  object space 39936K, 5% used [0x00000000c7400000,0x00000000c761a570,0x00000000c9b00000)
 Metaspace       used 14409K, capacity 14728K, committed 14848K, reserved 1062912K
  class space    used 1653K, capacity 1738K, committed 1792K, reserved 1048576K
}
Event: 136,708 GC heap before
{Heap before GC invocations=6 (full 0):
 PSYoungGen      total 17408K, used 17376K [0x00000000ed180000, 0x00000000ee880000, 0x0000000100000000)
  eden space 15360K, 100% used [0x00000000ed180000,0x00000000ee080000,0x00000000ee080000)
  from space 2048K, 98% used [0x00000000ee080000,0x00000000ee278020,0x00000000ee280000)
  to   space 4096K, 0% used [0x00000000ee480000,0x00000000ee480000,0x00000000ee880000)
 ParOldGen       total 39936K, used 2153K [0x00000000c7400000, 0x00000000c9b00000, 0x00000000ed180000)
  object space 39936K, 5% used [0x00000000c7400000,0x00000000c761a570,0x00000000c9b00000)
 Metaspace       used 14798K, capacity 15112K, committed 15488K, reserved 1062912K
  class space    used 1709K, capacity 1802K, committed 1920K, reserved 1048576K
Event: 136,723 GC heap after
Heap after GC invocations=6 (full 0):
 PSYoungGen      total 18432K, used 4080K [0x00000000ed180000, 0x00000000eea80000, 0x0000000100000000)
  eden space 14336K, 0% used [0x00000000ed180000,0x00000000ed180000,0x00000000edf80000)
  from space 4096K, 99% used [0x00000000ee480000,0x00000000ee87c010,0x00000000ee880000)
  to   space 5120K, 0% used [0x00000000edf80000,0x00000000edf80000,0x00000000ee480000)
 ParOldGen       total 39936K, used 2321K [0x00000000c7400000, 0x00000000c9b00000, 0x00000000ed180000)
  object space 39936K, 5% used [0x00000000c7400000,0x00000000c7644570,0x00000000c9b00000)
 Metaspace       used 14798K, capacity 15112K, committed 15488K, reserved 1062912K
  class space    used 1709K, capacity 1802K, committed 1920K, reserved 1048576K
}
Event: 138,621 GC heap before
{Heap before GC invocations=7 (full 0):
 PSYoungGen      total 18432K, used 18416K [0x00000000ed180000, 0x00000000eea80000, 0x0000000100000000)
  eden space 14336K, 100% used [0x00000000ed180000,0x00000000edf80000,0x00000000edf80000)
  from space 4096K, 99% used [0x00000000ee480000,0x00000000ee87c010,0x00000000ee880000)
  to   space 5120K, 0% used [0x00000000edf80000,0x00000000edf80000,0x00000000ee480000)
 ParOldGen       total 39936K, used 2321K [0x00000000c7400000, 0x00000000c9b00000, 0x00000000ed180000)
  object space 39936K, 5% used [0x00000000c7400000,0x00000000c7644570,0x00000000c9b00000)
 Metaspace       used 14814K, capacity 15112K, committed 15488K, reserved 1062912K
  class space    used 1709K, capacity 1802K, committed 1920K, reserved 1048576K
Event: 138,631 GC heap after
Heap after GC invocations=7 (full 0):
 PSYoungGen      total 16896K, used 2080K [0x00000000ed180000, 0x00000000ee880000, 0x0000000100000000)
  eden space 14336K, 0% used [0x00000000ed180000,0x00000000ed180000,0x00000000edf80000)
  from space 2560K, 81% used [0x00000000edf80000,0x00000000ee188000,0x00000000ee200000)
  to   space 4608K, 0% used [0x00000000ee400000,0x00000000ee400000,0x00000000ee880000)
 ParOldGen       total 39936K, used 4247K [0x00000000c7400000, 0x00000000c9b00000, 0x00000000ed180000)
  object space 39936K, 10% used [0x00000000c7400000,0x00000000c7825fe0,0x00000000c9b00000)
 Metaspace       used 14814K, capacity 15112K, committed 15488K, reserved 1062912K
  class space    used 1709K, capacity 1802K, committed 1920K, reserved 1048576K
}

